[debug] ----------------------------------------------------------------------
[debug] Command:      C:\Program Files\nodejs\node.exe C:\Users\ssinharoy\AppData\Roaming\npm\node_modules\firebase-tools\bin\firebase deploy
[debug] CLI Version:  3.6.1
[debug] Platform:     win32
[debug] Node Version: v6.10.1
[debug] Time:         Mon Sep 18 2017 21:00:33 GMT+0530 (India Standard Time)
[debug] ----------------------------------------------------------------------
[debug] 
[debug] > command requires scopes: ["email","openid","https://www.googleapis.com/auth/cloudplatformprojects.readonly","https://www.googleapis.com/auth/firebase","https://www.googleapis.com/auth/cloud-platform"]
[debug] >>> HTTP REQUEST GET https://admin.firebase.com/v1/projects/drunk-stoned-stupid  
 Mon Sep 18 2017 21:00:33 GMT+0530 (India Standard Time)
[debug] <<< HTTP RESPONSE 200
[debug] >>> HTTP REQUEST GET https://admin.firebase.com/v1/database/drunk-stoned-stupid/tokens  
 Mon Sep 18 2017 21:00:35 GMT+0530 (India Standard Time)
[debug] <<< HTTP RESPONSE 200
[info] 
[info] === Deploying to 'drunk-stoned-stupid'...
[info] 
[info] i  deploying database, hosting
[info] +  database: rules ready to deploy.
[info] i  hosting: preparing build directory for upload...
[debug] >>> HTTP REQUEST PUT https://deploy.firebase.com/v1/hosting/drunk-stoned-stupid/uploads/-KuKbD2xh_MNBZemvLlD?fileCount=9&message=  
 Mon Sep 18 2017 21:00:39 GMT+0530 (India Standard Time)
[debug] <<< HTTP RESPONSE 200
[debug] [hosting] .tgz uploaded successfully, waiting for extraction
